<?xml version="1.0" encoding="UTF-8"?>
<!-- Generated by org.testng.reporters.JUnitXMLReporter -->
<testsuite hostname="EPRURYAW0080" ignored="0" name="RectangleTest5" tests="3" failures="1" timestamp="17 Jul 2018 12:52:50 GMT" time="0.007" errors="0">
  <testcase name="rectangleIsQuadrate" time="0.0" classname="com.epam.olga_eremkina.testng.RectangleTest">
    <failure type="java.lang.AssertionError" message="Error! The values aren&amp;apos;t the same: expected [true] but found [false]">
      <![CDATA[java.lang.AssertionError: Error! The values aren't the same: expected [true] but found [false]
at com.epam.olga_eremkina.testng.RectangleTest.rectangleIsQuadrate(RectangleTest.java:55)
at java.util.concurrent.ThreadPoolExecutor.runWorker(ThreadPoolExecutor.java:1149)
at java.util.concurrent.ThreadPoolExecutor$Worker.run(ThreadPoolExecutor.java:624)
at java.lang.Thread.run(Thread.java:748)
... Removed 15 stack frames]]>
    </failure>
  </testcase> <!-- rectangleIsQuadrate -->
  <testcase name="rectangleLenght" time="0.0" classname="com.epam.olga_eremkina.testng.RectangleTest"/>
  <testcase name="rectangleSquare" time="0.002" classname="com.epam.olga_eremkina.testng.RectangleTest"/>
</testsuite> <!-- RectangleTest5 -->
