<?xml version="1.0" encoding="UTF-8"?>
<!-- Generated by org.testng.reporters.JUnitXMLReporter -->
<testsuite hostname="EPRURYAW0080" ignored="0" name="Test1" tests="3" failures="1" timestamp="23 May 2018 11:49:02 GMT" time="0.022" errors="0">
  <testcase name="rectangleIsQuadrate" time="0.0" classname="com.epam.olga_eremkina.testng.RectangleTest">
    <failure type="java.lang.AssertionError" message="Error! The values aren&amp;apos;t the same: expected [true] but found [false]">
      <![CDATA[java.lang.AssertionError: Error! The values aren't the same: expected [true] but found [false]
at com.epam.olga_eremkina.testng.RectangleTest.rectangleIsQuadrate(RectangleTest.java:54)
at java.util.concurrent.ThreadPoolExecutor.runWorker(ThreadPoolExecutor.java:1149)
at java.util.concurrent.ThreadPoolExecutor$Worker.run(ThreadPoolExecutor.java:624)
at java.lang.Thread.run(Thread.java:748)
... Removed 15 stack frames]]>
    </failure>
  </testcase> <!-- rectangleIsQuadrate -->
  <testcase name="rectangleLenght" time="0.0" classname="com.epam.olga_eremkina.testng.RectangleTest"/>
  <testcase name="rectangleSquare" time="0.001" classname="com.epam.olga_eremkina.testng.RectangleTest"/>
</testsuite> <!-- Test1 -->
