<?xml version="1.0" encoding="UTF-8"?>
<!-- Generated by org.testng.reporters.JUnitXMLReporter -->
<testsuite hostname="EPRURYAW0080" ignored="0" name="Test" tests="43" failures="2" timestamp="23 May 2018 11:49:02 GMT" time="0.116" errors="0">
  <testcase name="rectangleIsQuadrate" time="0.015" classname="com.epam.olga_eremkina.testng.RectangleTest">
    <failure type="java.lang.AssertionError" message="Error! The values aren&amp;apos;t the same: expected [true] but found [false]">
      <![CDATA[java.lang.AssertionError: Error! The values aren't the same: expected [true] but found [false]
at com.epam.olga_eremkina.testng.RectangleTest.rectangleIsQuadrate(RectangleTest.java:54)
at java.util.concurrent.ThreadPoolExecutor.runWorker(ThreadPoolExecutor.java:1149)
at java.util.concurrent.ThreadPoolExecutor$Worker.run(ThreadPoolExecutor.java:624)
at java.lang.Thread.run(Thread.java:748)
... Removed 15 stack frames]]>
    </failure>
  </testcase> <!-- rectangleIsQuadrate -->
  <testcase name="CircleLenght" time="0.0" classname="com.epam.olga_eremkina.testng.CircleTest"/>
  <testcase name="CircleLenght" time="0.0" classname="com.epam.olga_eremkina.testng.CircleTest"/>
  <testcase name="CircleLenght" time="0.0" classname="com.epam.olga_eremkina.testng.CircleTest"/>
  <testcase name="CircleLenght" time="0.0" classname="com.epam.olga_eremkina.testng.CircleTest"/>
  <testcase name="CircleLenght" time="0.0" classname="com.epam.olga_eremkina.testng.CircleTest"/>
  <testcase name="CircleLenght" time="0.0" classname="com.epam.olga_eremkina.testng.CircleTest"/>
  <testcase name="CircleLenght" time="0.0" classname="com.epam.olga_eremkina.testng.CircleTest"/>
  <testcase name="CircleLenght" time="0.0" classname="com.epam.olga_eremkina.testng.CircleTest"/>
  <testcase name="CircleLenght" time="0.0" classname="com.epam.olga_eremkina.testng.CircleTest"/>
  <testcase name="CircleLenght" time="0.0" classname="com.epam.olga_eremkina.testng.CircleTest"/>
  <testcase name="circleSquare" time="0.0" classname="com.epam.olga_eremkina.testng.CircleTest"/>
  <testcase name="circleSquare" time="0.0" classname="com.epam.olga_eremkina.testng.CircleTest"/>
  <testcase name="circleSquare" time="0.0" classname="com.epam.olga_eremkina.testng.CircleTest"/>
  <testcase name="circleSquare" time="0.0" classname="com.epam.olga_eremkina.testng.CircleTest"/>
  <testcase name="circleSquare" time="0.0" classname="com.epam.olga_eremkina.testng.CircleTest"/>
  <testcase name="circleSquare" time="0.0" classname="com.epam.olga_eremkina.testng.CircleTest"/>
  <testcase name="circleSquare" time="0.015" classname="com.epam.olga_eremkina.testng.CircleTest"/>
  <testcase name="circleSquare" time="0.0" classname="com.epam.olga_eremkina.testng.CircleTest"/>
  <testcase name="circleSquare" time="0.0" classname="com.epam.olga_eremkina.testng.CircleTest"/>
  <testcase name="circleSquare" time="0.0" classname="com.epam.olga_eremkina.testng.CircleTest"/>
  <testcase name="rectangleLenght" time="0.0" classname="com.epam.olga_eremkina.testng.RectangleTest"/>
  <testcase name="quadrateLenght" time="0.0" classname="com.epam.olga_eremkina.testng.QuadrateTest">
    <failure type="org.testng.TestException" message="
Method QuadrateTest.quadrateLenght(int)[pri:0, instance:com.epam.olga_eremkina.testng.QuadrateTest@61832929] should have thrown an exception of type class java.lang.RuntimeException">
      <![CDATA[org.testng.TestException: 
Method QuadrateTest.quadrateLenght(int)[pri:0, instance:com.epam.olga_eremkina.testng.QuadrateTest@61832929] should have thrown an exception of type class java.lang.RuntimeException
at java.util.concurrent.ThreadPoolExecutor.runWorker(ThreadPoolExecutor.java:1149)
at java.util.concurrent.ThreadPoolExecutor$Worker.run(ThreadPoolExecutor.java:624)
at java.lang.Thread.run(Thread.java:748)
... Removed 7 stack frames]]>
    </failure>
  </testcase> <!-- quadrateLenght -->
  <testcase name="quadrateLenght" time="0.002" classname="com.epam.olga_eremkina.testng.QuadrateTest"/>
  <testcase name="quadrateLenght" time="0.001" classname="com.epam.olga_eremkina.testng.QuadrateTest"/>
  <testcase name="quadrateLenght" time="0.001" classname="com.epam.olga_eremkina.testng.QuadrateTest"/>
  <testcase name="quadrateLenght" time="0.0" classname="com.epam.olga_eremkina.testng.QuadrateTest"/>
  <testcase name="quadrateLenght" time="0.0" classname="com.epam.olga_eremkina.testng.QuadrateTest"/>
  <testcase name="quadrateLenght" time="0.0" classname="com.epam.olga_eremkina.testng.QuadrateTest"/>
  <testcase name="quadrateLenght" time="0.0" classname="com.epam.olga_eremkina.testng.QuadrateTest"/>
  <testcase name="quadrateLenght" time="0.0" classname="com.epam.olga_eremkina.testng.QuadrateTest"/>
  <testcase name="quadrateLenght" time="0.015" classname="com.epam.olga_eremkina.testng.QuadrateTest"/>
  <testcase name="quadrateSquare" time="0.0" classname="com.epam.olga_eremkina.testng.QuadrateTest"/>
  <testcase name="quadrateSquare" time="0.0" classname="com.epam.olga_eremkina.testng.QuadrateTest"/>
  <testcase name="quadrateSquare" time="0.0" classname="com.epam.olga_eremkina.testng.QuadrateTest"/>
  <testcase name="quadrateSquare" time="0.0" classname="com.epam.olga_eremkina.testng.QuadrateTest"/>
  <testcase name="quadrateSquare" time="0.0" classname="com.epam.olga_eremkina.testng.QuadrateTest"/>
  <testcase name="quadrateSquare" time="0.0" classname="com.epam.olga_eremkina.testng.QuadrateTest"/>
  <testcase name="quadrateSquare" time="0.0" classname="com.epam.olga_eremkina.testng.QuadrateTest"/>
  <testcase name="quadrateSquare" time="0.016" classname="com.epam.olga_eremkina.testng.QuadrateTest"/>
  <testcase name="quadrateSquare" time="0.0" classname="com.epam.olga_eremkina.testng.QuadrateTest"/>
  <testcase name="quadrateSquare" time="0.0" classname="com.epam.olga_eremkina.testng.QuadrateTest"/>
  <testcase name="rectangleSquare" time="0.0" classname="com.epam.olga_eremkina.testng.RectangleTest"/>
</testsuite> <!-- Test -->
