<?xml version="1.0" encoding="UTF-8"?>
<!-- Generated by org.testng.reporters.JUnitReportReporter -->
<testsuite skipped="0" hostname="EPRURYAW0080" name="com.epam.olga_eremkina.testng.RectangleTest" tests="60" failures="13" timestamp="17 Jul 2018 12:52:51 GMT" time="0.052" errors="0">
  <testcase name="rectangleIsQuadrate" time="0.000" classname="com.epam.olga_eremkina.testng.RectangleTest"/>
  <testcase name="rectangleIsQuadrate" time="0.001" classname="com.epam.olga_eremkina.testng.RectangleTest"/>
  <testcase name="rectangleIsQuadrate" time="0.000" classname="com.epam.olga_eremkina.testng.RectangleTest">
    <failure type="java.lang.AssertionError" message="Error! The values aren&#039;t the same: expected [true] but found [false]">
      <![CDATA[java.lang.AssertionError: Error! The values aren't the same: expected [true] but found [false]
at org.testng.Assert.fail(Assert.java:96)
at org.testng.Assert.failNotEquals(Assert.java:776)
at org.testng.Assert.assertEqualsImpl(Assert.java:137)
at org.testng.Assert.assertEquals(Assert.java:118)
at org.testng.Assert.assertEquals(Assert.java:568)
at com.epam.olga_eremkina.testng.RectangleTest.rectangleIsQuadrate(RectangleTest.java:55)
at sun.reflect.NativeMethodAccessorImpl.invoke0(Native Method)
at sun.reflect.NativeMethodAccessorImpl.invoke(NativeMethodAccessorImpl.java:62)
at sun.reflect.DelegatingMethodAccessorImpl.invoke(DelegatingMethodAccessorImpl.java:43)
at java.lang.reflect.Method.invoke(Method.java:498)
at org.testng.internal.MethodInvocationHelper.invokeMethod(MethodInvocationHelper.java:124)
at org.testng.internal.Invoker.invokeMethod(Invoker.java:583)
at org.testng.internal.Invoker.invokeTestMethod(Invoker.java:719)
at org.testng.internal.Invoker.invokeTestMethods(Invoker.java:989)
at org.testng.internal.TestMethodWorker.invokeTestMethods(TestMethodWorker.java:125)
at org.testng.internal.TestMethodWorker.run(TestMethodWorker.java:109)
at java.util.concurrent.ThreadPoolExecutor.runWorker(ThreadPoolExecutor.java:1149)
at java.util.concurrent.ThreadPoolExecutor$Worker.run(ThreadPoolExecutor.java:624)
at java.lang.Thread.run(Thread.java:748)
]]>
    </failure>
  </testcase> <!-- rectangleIsQuadrate -->
  <testcase name="rectangleIsQuadrate" time="0.012" classname="com.epam.olga_eremkina.testng.RectangleTest">
    <failure type="java.lang.AssertionError" message="Error! The values aren&#039;t the same: expected [true] but found [false]">
      <![CDATA[java.lang.AssertionError: Error! The values aren't the same: expected [true] but found [false]
at org.testng.Assert.fail(Assert.java:96)
at org.testng.Assert.failNotEquals(Assert.java:776)
at org.testng.Assert.assertEqualsImpl(Assert.java:137)
at org.testng.Assert.assertEquals(Assert.java:118)
at org.testng.Assert.assertEquals(Assert.java:568)
at com.epam.olga_eremkina.testng.RectangleTest.rectangleIsQuadrate(RectangleTest.java:55)
at sun.reflect.NativeMethodAccessorImpl.invoke0(Native Method)
at sun.reflect.NativeMethodAccessorImpl.invoke(NativeMethodAccessorImpl.java:62)
at sun.reflect.DelegatingMethodAccessorImpl.invoke(DelegatingMethodAccessorImpl.java:43)
at java.lang.reflect.Method.invoke(Method.java:498)
at org.testng.internal.MethodInvocationHelper.invokeMethod(MethodInvocationHelper.java:124)
at org.testng.internal.Invoker.invokeMethod(Invoker.java:583)
at org.testng.internal.Invoker.invokeTestMethod(Invoker.java:719)
at org.testng.internal.Invoker.invokeTestMethods(Invoker.java:989)
at org.testng.internal.TestMethodWorker.invokeTestMethods(TestMethodWorker.java:125)
at org.testng.internal.TestMethodWorker.run(TestMethodWorker.java:109)
at java.util.concurrent.ThreadPoolExecutor.runWorker(ThreadPoolExecutor.java:1149)
at java.util.concurrent.ThreadPoolExecutor$Worker.run(ThreadPoolExecutor.java:624)
at java.lang.Thread.run(Thread.java:748)
]]>
    </failure>
  </testcase> <!-- rectangleIsQuadrate -->
  <testcase name="rectangleIsQuadrate" time="0.000" classname="com.epam.olga_eremkina.testng.RectangleTest"/>
  <testcase name="rectangleIsQuadrate" time="0.001" classname="com.epam.olga_eremkina.testng.RectangleTest">
    <failure type="java.lang.AssertionError" message="Error! The values aren&#039;t the same: expected [true] but found [false]">
      <![CDATA[java.lang.AssertionError: Error! The values aren't the same: expected [true] but found [false]
at org.testng.Assert.fail(Assert.java:96)
at org.testng.Assert.failNotEquals(Assert.java:776)
at org.testng.Assert.assertEqualsImpl(Assert.java:137)
at org.testng.Assert.assertEquals(Assert.java:118)
at org.testng.Assert.assertEquals(Assert.java:568)
at com.epam.olga_eremkina.testng.RectangleTest.rectangleIsQuadrate(RectangleTest.java:55)
at sun.reflect.NativeMethodAccessorImpl.invoke0(Native Method)
at sun.reflect.NativeMethodAccessorImpl.invoke(NativeMethodAccessorImpl.java:62)
at sun.reflect.DelegatingMethodAccessorImpl.invoke(DelegatingMethodAccessorImpl.java:43)
at java.lang.reflect.Method.invoke(Method.java:498)
at org.testng.internal.MethodInvocationHelper.invokeMethod(MethodInvocationHelper.java:124)
at org.testng.internal.Invoker.invokeMethod(Invoker.java:583)
at org.testng.internal.Invoker.invokeTestMethod(Invoker.java:719)
at org.testng.internal.Invoker.invokeTestMethods(Invoker.java:989)
at org.testng.internal.TestMethodWorker.invokeTestMethods(TestMethodWorker.java:125)
at org.testng.internal.TestMethodWorker.run(TestMethodWorker.java:109)
at java.util.concurrent.ThreadPoolExecutor.runWorker(ThreadPoolExecutor.java:1149)
at java.util.concurrent.ThreadPoolExecutor$Worker.run(ThreadPoolExecutor.java:624)
at java.lang.Thread.run(Thread.java:748)
]]>
    </failure>
  </testcase> <!-- rectangleIsQuadrate -->
  <testcase name="rectangleIsQuadrate" time="0.001" classname="com.epam.olga_eremkina.testng.RectangleTest">
    <failure type="java.lang.AssertionError" message="Error! The values aren&#039;t the same: expected [true] but found [false]">
      <![CDATA[java.lang.AssertionError: Error! The values aren't the same: expected [true] but found [false]
at org.testng.Assert.fail(Assert.java:96)
at org.testng.Assert.failNotEquals(Assert.java:776)
at org.testng.Assert.assertEqualsImpl(Assert.java:137)
at org.testng.Assert.assertEquals(Assert.java:118)
at org.testng.Assert.assertEquals(Assert.java:568)
at com.epam.olga_eremkina.testng.RectangleTest.rectangleIsQuadrate(RectangleTest.java:55)
at sun.reflect.NativeMethodAccessorImpl.invoke0(Native Method)
at sun.reflect.NativeMethodAccessorImpl.invoke(NativeMethodAccessorImpl.java:62)
at sun.reflect.DelegatingMethodAccessorImpl.invoke(DelegatingMethodAccessorImpl.java:43)
at java.lang.reflect.Method.invoke(Method.java:498)
at org.testng.internal.MethodInvocationHelper.invokeMethod(MethodInvocationHelper.java:124)
at org.testng.internal.Invoker.invokeMethod(Invoker.java:583)
at org.testng.internal.Invoker.invokeTestMethod(Invoker.java:719)
at org.testng.internal.Invoker.invokeTestMethods(Invoker.java:989)
at org.testng.internal.TestMethodWorker.invokeTestMethods(TestMethodWorker.java:125)
at org.testng.internal.TestMethodWorker.run(TestMethodWorker.java:109)
at java.util.concurrent.ThreadPoolExecutor.runWorker(ThreadPoolExecutor.java:1149)
at java.util.concurrent.ThreadPoolExecutor$Worker.run(ThreadPoolExecutor.java:624)
at java.lang.Thread.run(Thread.java:748)
]]>
    </failure>
  </testcase> <!-- rectangleIsQuadrate -->
  <testcase name="rectangleIsQuadrate" time="0.001" classname="com.epam.olga_eremkina.testng.RectangleTest"/>
  <testcase name="rectangleIsQuadrate" time="0.001" classname="com.epam.olga_eremkina.testng.RectangleTest">
    <failure type="java.lang.AssertionError" message="Error! The values aren&#039;t the same: expected [true] but found [false]">
      <![CDATA[java.lang.AssertionError: Error! The values aren't the same: expected [true] but found [false]
at org.testng.Assert.fail(Assert.java:96)
at org.testng.Assert.failNotEquals(Assert.java:776)
at org.testng.Assert.assertEqualsImpl(Assert.java:137)
at org.testng.Assert.assertEquals(Assert.java:118)
at org.testng.Assert.assertEquals(Assert.java:568)
at com.epam.olga_eremkina.testng.RectangleTest.rectangleIsQuadrate(RectangleTest.java:55)
at sun.reflect.NativeMethodAccessorImpl.invoke0(Native Method)
at sun.reflect.NativeMethodAccessorImpl.invoke(NativeMethodAccessorImpl.java:62)
at sun.reflect.DelegatingMethodAccessorImpl.invoke(DelegatingMethodAccessorImpl.java:43)
at java.lang.reflect.Method.invoke(Method.java:498)
at org.testng.internal.MethodInvocationHelper.invokeMethod(MethodInvocationHelper.java:124)
at org.testng.internal.Invoker.invokeMethod(Invoker.java:583)
at org.testng.internal.Invoker.invokeTestMethod(Invoker.java:719)
at org.testng.internal.Invoker.invokeTestMethods(Invoker.java:989)
at org.testng.internal.TestMethodWorker.invokeTestMethods(TestMethodWorker.java:125)
at org.testng.internal.TestMethodWorker.run(TestMethodWorker.java:109)
at java.util.concurrent.ThreadPoolExecutor.runWorker(ThreadPoolExecutor.java:1149)
at java.util.concurrent.ThreadPoolExecutor$Worker.run(ThreadPoolExecutor.java:624)
at java.lang.Thread.run(Thread.java:748)
]]>
    </failure>
  </testcase> <!-- rectangleIsQuadrate -->
  <testcase name="rectangleIsQuadrate" time="0.000" classname="com.epam.olga_eremkina.testng.RectangleTest">
    <failure type="java.lang.AssertionError" message="Error! The values aren&#039;t the same: expected [true] but found [false]">
      <![CDATA[java.lang.AssertionError: Error! The values aren't the same: expected [true] but found [false]
at org.testng.Assert.fail(Assert.java:96)
at org.testng.Assert.failNotEquals(Assert.java:776)
at org.testng.Assert.assertEqualsImpl(Assert.java:137)
at org.testng.Assert.assertEquals(Assert.java:118)
at org.testng.Assert.assertEquals(Assert.java:568)
at com.epam.olga_eremkina.testng.RectangleTest.rectangleIsQuadrate(RectangleTest.java:55)
at sun.reflect.NativeMethodAccessorImpl.invoke0(Native Method)
at sun.reflect.NativeMethodAccessorImpl.invoke(NativeMethodAccessorImpl.java:62)
at sun.reflect.DelegatingMethodAccessorImpl.invoke(DelegatingMethodAccessorImpl.java:43)
at java.lang.reflect.Method.invoke(Method.java:498)
at org.testng.internal.MethodInvocationHelper.invokeMethod(MethodInvocationHelper.java:124)
at org.testng.internal.Invoker.invokeMethod(Invoker.java:583)
at org.testng.internal.Invoker.invokeTestMethod(Invoker.java:719)
at org.testng.internal.Invoker.invokeTestMethods(Invoker.java:989)
at org.testng.internal.TestMethodWorker.invokeTestMethods(TestMethodWorker.java:125)
at org.testng.internal.TestMethodWorker.run(TestMethodWorker.java:109)
at java.util.concurrent.ThreadPoolExecutor.runWorker(ThreadPoolExecutor.java:1149)
at java.util.concurrent.ThreadPoolExecutor$Worker.run(ThreadPoolExecutor.java:624)
at java.lang.Thread.run(Thread.java:748)
]]>
    </failure>
  </testcase> <!-- rectangleIsQuadrate -->
  <testcase name="rectangleIsQuadrate" time="0.001" classname="com.epam.olga_eremkina.testng.RectangleTest"/>
  <testcase name="rectangleIsQuadrate" time="0.000" classname="com.epam.olga_eremkina.testng.RectangleTest">
    <failure type="java.lang.AssertionError" message="Error! The values aren&#039;t the same: expected [true] but found [false]">
      <![CDATA[java.lang.AssertionError: Error! The values aren't the same: expected [true] but found [false]
at org.testng.Assert.fail(Assert.java:96)
at org.testng.Assert.failNotEquals(Assert.java:776)
at org.testng.Assert.assertEqualsImpl(Assert.java:137)
at org.testng.Assert.assertEquals(Assert.java:118)
at org.testng.Assert.assertEquals(Assert.java:568)
at com.epam.olga_eremkina.testng.RectangleTest.rectangleIsQuadrate(RectangleTest.java:55)
at sun.reflect.NativeMethodAccessorImpl.invoke0(Native Method)
at sun.reflect.NativeMethodAccessorImpl.invoke(NativeMethodAccessorImpl.java:62)
at sun.reflect.DelegatingMethodAccessorImpl.invoke(DelegatingMethodAccessorImpl.java:43)
at java.lang.reflect.Method.invoke(Method.java:498)
at org.testng.internal.MethodInvocationHelper.invokeMethod(MethodInvocationHelper.java:124)
at org.testng.internal.Invoker.invokeMethod(Invoker.java:583)
at org.testng.internal.Invoker.invokeTestMethod(Invoker.java:719)
at org.testng.internal.Invoker.invokeTestMethods(Invoker.java:989)
at org.testng.internal.TestMethodWorker.invokeTestMethods(TestMethodWorker.java:125)
at org.testng.internal.TestMethodWorker.run(TestMethodWorker.java:109)
at java.util.concurrent.ThreadPoolExecutor.runWorker(ThreadPoolExecutor.java:1149)
at java.util.concurrent.ThreadPoolExecutor$Worker.run(ThreadPoolExecutor.java:624)
at java.lang.Thread.run(Thread.java:748)
]]>
    </failure>
  </testcase> <!-- rectangleIsQuadrate -->
  <testcase name="rectangleIsQuadrate" time="0.001" classname="com.epam.olga_eremkina.testng.RectangleTest">
    <failure type="java.lang.AssertionError" message="Error! The values aren&#039;t the same: expected [true] but found [false]">
      <![CDATA[java.lang.AssertionError: Error! The values aren't the same: expected [true] but found [false]
at org.testng.Assert.fail(Assert.java:96)
at org.testng.Assert.failNotEquals(Assert.java:776)
at org.testng.Assert.assertEqualsImpl(Assert.java:137)
at org.testng.Assert.assertEquals(Assert.java:118)
at org.testng.Assert.assertEquals(Assert.java:568)
at com.epam.olga_eremkina.testng.RectangleTest.rectangleIsQuadrate(RectangleTest.java:55)
at sun.reflect.NativeMethodAccessorImpl.invoke0(Native Method)
at sun.reflect.NativeMethodAccessorImpl.invoke(NativeMethodAccessorImpl.java:62)
at sun.reflect.DelegatingMethodAccessorImpl.invoke(DelegatingMethodAccessorImpl.java:43)
at java.lang.reflect.Method.invoke(Method.java:498)
at org.testng.internal.MethodInvocationHelper.invokeMethod(MethodInvocationHelper.java:124)
at org.testng.internal.Invoker.invokeMethod(Invoker.java:583)
at org.testng.internal.Invoker.invokeTestMethod(Invoker.java:719)
at org.testng.internal.Invoker.invokeTestMethods(Invoker.java:989)
at org.testng.internal.TestMethodWorker.invokeTestMethods(TestMethodWorker.java:125)
at org.testng.internal.TestMethodWorker.run(TestMethodWorker.java:109)
at java.util.concurrent.ThreadPoolExecutor.runWorker(ThreadPoolExecutor.java:1149)
at java.util.concurrent.ThreadPoolExecutor$Worker.run(ThreadPoolExecutor.java:624)
at java.lang.Thread.run(Thread.java:748)
]]>
    </failure>
  </testcase> <!-- rectangleIsQuadrate -->
  <testcase name="rectangleIsQuadrate" time="0.000" classname="com.epam.olga_eremkina.testng.RectangleTest"/>
  <testcase name="rectangleIsQuadrate" time="0.000" classname="com.epam.olga_eremkina.testng.RectangleTest"/>
  <testcase name="rectangleIsQuadrate" time="0.000" classname="com.epam.olga_eremkina.testng.RectangleTest">
    <failure type="java.lang.AssertionError" message="Error! The values aren&#039;t the same: expected [true] but found [false]">
      <![CDATA[java.lang.AssertionError: Error! The values aren't the same: expected [true] but found [false]
at org.testng.Assert.fail(Assert.java:96)
at org.testng.Assert.failNotEquals(Assert.java:776)
at org.testng.Assert.assertEqualsImpl(Assert.java:137)
at org.testng.Assert.assertEquals(Assert.java:118)
at org.testng.Assert.assertEquals(Assert.java:568)
at com.epam.olga_eremkina.testng.RectangleTest.rectangleIsQuadrate(RectangleTest.java:55)
at sun.reflect.NativeMethodAccessorImpl.invoke0(Native Method)
at sun.reflect.NativeMethodAccessorImpl.invoke(NativeMethodAccessorImpl.java:62)
at sun.reflect.DelegatingMethodAccessorImpl.invoke(DelegatingMethodAccessorImpl.java:43)
at java.lang.reflect.Method.invoke(Method.java:498)
at org.testng.internal.MethodInvocationHelper.invokeMethod(MethodInvocationHelper.java:124)
at org.testng.internal.Invoker.invokeMethod(Invoker.java:583)
at org.testng.internal.Invoker.invokeTestMethod(Invoker.java:719)
at org.testng.internal.Invoker.invokeTestMethods(Invoker.java:989)
at org.testng.internal.TestMethodWorker.invokeTestMethods(TestMethodWorker.java:125)
at org.testng.internal.TestMethodWorker.run(TestMethodWorker.java:109)
at java.util.concurrent.ThreadPoolExecutor.runWorker(ThreadPoolExecutor.java:1149)
at java.util.concurrent.ThreadPoolExecutor$Worker.run(ThreadPoolExecutor.java:624)
at java.lang.Thread.run(Thread.java:748)
]]>
    </failure>
  </testcase> <!-- rectangleIsQuadrate -->
  <testcase name="rectangleIsQuadrate" time="0.000" classname="com.epam.olga_eremkina.testng.RectangleTest"/>
  <testcase name="rectangleIsQuadrate" time="0.001" classname="com.epam.olga_eremkina.testng.RectangleTest"/>
  <testcase name="rectangleIsQuadrate" time="0.000" classname="com.epam.olga_eremkina.testng.RectangleTest"/>
  <testcase name="rectangleIsQuadrate" time="0.001" classname="com.epam.olga_eremkina.testng.RectangleTest"/>
  <testcase name="rectangleLenght" time="0.001" classname="com.epam.olga_eremkina.testng.RectangleTest"/>
  <testcase name="rectangleLenght" time="0.000" classname="com.epam.olga_eremkina.testng.RectangleTest"/>
  <testcase name="rectangleLenght" time="0.000" classname="com.epam.olga_eremkina.testng.RectangleTest"/>
  <testcase name="rectangleLenght" time="0.000" classname="com.epam.olga_eremkina.testng.RectangleTest"/>
  <testcase name="rectangleLenght" time="0.001" classname="com.epam.olga_eremkina.testng.RectangleTest"/>
  <testcase name="rectangleLenght" time="0.001" classname="com.epam.olga_eremkina.testng.RectangleTest"/>
  <testcase name="rectangleLenght" time="0.001" classname="com.epam.olga_eremkina.testng.RectangleTest"/>
  <testcase name="rectangleLenght" time="0.001" classname="com.epam.olga_eremkina.testng.RectangleTest"/>
  <testcase name="rectangleLenght" time="0.000" classname="com.epam.olga_eremkina.testng.RectangleTest"/>
  <testcase name="rectangleLenght" time="0.000" classname="com.epam.olga_eremkina.testng.RectangleTest"/>
  <testcase name="rectangleLenght" time="0.000" classname="com.epam.olga_eremkina.testng.RectangleTest"/>
  <testcase name="rectangleLenght" time="0.000" classname="com.epam.olga_eremkina.testng.RectangleTest"/>
  <testcase name="rectangleLenght" time="0.000" classname="com.epam.olga_eremkina.testng.RectangleTest"/>
  <testcase name="rectangleLenght" time="0.001" classname="com.epam.olga_eremkina.testng.RectangleTest"/>
  <testcase name="rectangleLenght" time="0.001" classname="com.epam.olga_eremkina.testng.RectangleTest"/>
  <testcase name="rectangleLenght" time="0.001" classname="com.epam.olga_eremkina.testng.RectangleTest"/>
  <testcase name="rectangleLenght" time="0.000" classname="com.epam.olga_eremkina.testng.RectangleTest"/>
  <testcase name="rectangleLenght" time="0.001" classname="com.epam.olga_eremkina.testng.RectangleTest"/>
  <testcase name="rectangleLenght" time="0.001" classname="com.epam.olga_eremkina.testng.RectangleTest"/>
  <testcase name="rectangleLenght" time="0.000" classname="com.epam.olga_eremkina.testng.RectangleTest"/>
  <testcase name="rectangleSquare" time="0.001" classname="com.epam.olga_eremkina.testng.RectangleTest">
    <failure type="java.lang.AssertionError" message="Error! The values aren&#039;t the same: expected [81.0] but found [45.0]">
      <![CDATA[java.lang.AssertionError: Error! The values aren't the same: expected [81.0] but found [45.0]
at org.testng.Assert.fail(Assert.java:96)
at org.testng.Assert.failNotEquals(Assert.java:776)
at org.testng.Assert.assertEqualsImpl(Assert.java:137)
at org.testng.Assert.assertEquals(Assert.java:118)
at com.epam.olga_eremkina.testng.RectangleTest.rectangleSquare(RectangleTest.java:32)
at sun.reflect.NativeMethodAccessorImpl.invoke0(Native Method)
at sun.reflect.NativeMethodAccessorImpl.invoke(NativeMethodAccessorImpl.java:62)
at sun.reflect.DelegatingMethodAccessorImpl.invoke(DelegatingMethodAccessorImpl.java:43)
at java.lang.reflect.Method.invoke(Method.java:498)
at org.testng.internal.MethodInvocationHelper.invokeMethod(MethodInvocationHelper.java:124)
at org.testng.internal.Invoker.invokeMethod(Invoker.java:583)
at org.testng.internal.Invoker.invokeTestMethod(Invoker.java:719)
at org.testng.internal.Invoker.invokeTestMethods(Invoker.java:989)
at org.testng.internal.TestMethodWorker.invokeTestMethods(TestMethodWorker.java:125)
at org.testng.internal.TestMethodWorker.run(TestMethodWorker.java:109)
at java.util.concurrent.ThreadPoolExecutor.runWorker(ThreadPoolExecutor.java:1149)
at java.util.concurrent.ThreadPoolExecutor$Worker.run(ThreadPoolExecutor.java:624)
at java.lang.Thread.run(Thread.java:748)
]]>
    </failure>
  </testcase> <!-- rectangleSquare -->
  <testcase name="rectangleSquare" time="0.001" classname="com.epam.olga_eremkina.testng.RectangleTest"/>
  <testcase name="rectangleSquare" time="0.000" classname="com.epam.olga_eremkina.testng.RectangleTest"/>
  <testcase name="rectangleSquare" time="0.001" classname="com.epam.olga_eremkina.testng.RectangleTest"/>
  <testcase name="rectangleSquare" time="0.001" classname="com.epam.olga_eremkina.testng.RectangleTest"/>
  <testcase name="rectangleSquare" time="0.000" classname="com.epam.olga_eremkina.testng.RectangleTest">
    <failure type="java.lang.AssertionError" message="Error! The values aren&#039;t the same: expected [36.0] but found [6.0]">
      <![CDATA[java.lang.AssertionError: Error! The values aren't the same: expected [36.0] but found [6.0]
at org.testng.Assert.fail(Assert.java:96)
at org.testng.Assert.failNotEquals(Assert.java:776)
at org.testng.Assert.assertEqualsImpl(Assert.java:137)
at org.testng.Assert.assertEquals(Assert.java:118)
at com.epam.olga_eremkina.testng.RectangleTest.rectangleSquare(RectangleTest.java:32)
at sun.reflect.NativeMethodAccessorImpl.invoke0(Native Method)
at sun.reflect.NativeMethodAccessorImpl.invoke(NativeMethodAccessorImpl.java:62)
at sun.reflect.DelegatingMethodAccessorImpl.invoke(DelegatingMethodAccessorImpl.java:43)
at java.lang.reflect.Method.invoke(Method.java:498)
at org.testng.internal.MethodInvocationHelper.invokeMethod(MethodInvocationHelper.java:124)
at org.testng.internal.Invoker.invokeMethod(Invoker.java:583)
at org.testng.internal.Invoker.invokeTestMethod(Invoker.java:719)
at org.testng.internal.Invoker.invokeTestMethods(Invoker.java:989)
at org.testng.internal.TestMethodWorker.invokeTestMethods(TestMethodWorker.java:125)
at org.testng.internal.TestMethodWorker.run(TestMethodWorker.java:109)
at java.util.concurrent.ThreadPoolExecutor.runWorker(ThreadPoolExecutor.java:1149)
at java.util.concurrent.ThreadPoolExecutor$Worker.run(ThreadPoolExecutor.java:624)
at java.lang.Thread.run(Thread.java:748)
]]>
    </failure>
  </testcase> <!-- rectangleSquare -->
  <testcase name="rectangleSquare" time="0.000" classname="com.epam.olga_eremkina.testng.RectangleTest"/>
  <testcase name="rectangleSquare" time="0.000" classname="com.epam.olga_eremkina.testng.RectangleTest"/>
  <testcase name="rectangleSquare" time="0.001" classname="com.epam.olga_eremkina.testng.RectangleTest"/>
  <testcase name="rectangleSquare" time="0.001" classname="com.epam.olga_eremkina.testng.RectangleTest"/>
  <testcase name="rectangleSquare" time="0.003" classname="com.epam.olga_eremkina.testng.RectangleTest"/>
  <testcase name="rectangleSquare" time="0.002" classname="com.epam.olga_eremkina.testng.RectangleTest">
    <failure type="java.lang.AssertionError" message="Error! The values aren&#039;t the same: expected [64.0] but found [48.0]">
      <![CDATA[java.lang.AssertionError: Error! The values aren't the same: expected [64.0] but found [48.0]
at org.testng.Assert.fail(Assert.java:96)
at org.testng.Assert.failNotEquals(Assert.java:776)
at org.testng.Assert.assertEqualsImpl(Assert.java:137)
at org.testng.Assert.assertEquals(Assert.java:118)
at com.epam.olga_eremkina.testng.RectangleTest.rectangleSquare(RectangleTest.java:32)
at sun.reflect.NativeMethodAccessorImpl.invoke0(Native Method)
at sun.reflect.NativeMethodAccessorImpl.invoke(NativeMethodAccessorImpl.java:62)
at sun.reflect.DelegatingMethodAccessorImpl.invoke(DelegatingMethodAccessorImpl.java:43)
at java.lang.reflect.Method.invoke(Method.java:498)
at org.testng.internal.MethodInvocationHelper.invokeMethod(MethodInvocationHelper.java:124)
at org.testng.internal.Invoker.invokeMethod(Invoker.java:583)
at org.testng.internal.Invoker.invokeTestMethod(Invoker.java:719)
at org.testng.internal.Invoker.invokeTestMethods(Invoker.java:989)
at org.testng.internal.TestMethodWorker.invokeTestMethods(TestMethodWorker.java:125)
at org.testng.internal.TestMethodWorker.run(TestMethodWorker.java:109)
at java.util.concurrent.ThreadPoolExecutor.runWorker(ThreadPoolExecutor.java:1149)
at java.util.concurrent.ThreadPoolExecutor$Worker.run(ThreadPoolExecutor.java:624)
at java.lang.Thread.run(Thread.java:748)
]]>
    </failure>
  </testcase> <!-- rectangleSquare -->
  <testcase name="rectangleSquare" time="0.001" classname="com.epam.olga_eremkina.testng.RectangleTest">
    <failure type="java.lang.AssertionError" message="Error! The values aren&#039;t the same: expected [25.0] but found [15.0]">
      <![CDATA[java.lang.AssertionError: Error! The values aren't the same: expected [25.0] but found [15.0]
at org.testng.Assert.fail(Assert.java:96)
at org.testng.Assert.failNotEquals(Assert.java:776)
at org.testng.Assert.assertEqualsImpl(Assert.java:137)
at org.testng.Assert.assertEquals(Assert.java:118)
at com.epam.olga_eremkina.testng.RectangleTest.rectangleSquare(RectangleTest.java:32)
at sun.reflect.NativeMethodAccessorImpl.invoke0(Native Method)
at sun.reflect.NativeMethodAccessorImpl.invoke(NativeMethodAccessorImpl.java:62)
at sun.reflect.DelegatingMethodAccessorImpl.invoke(DelegatingMethodAccessorImpl.java:43)
at java.lang.reflect.Method.invoke(Method.java:498)
at org.testng.internal.MethodInvocationHelper.invokeMethod(MethodInvocationHelper.java:124)
at org.testng.internal.Invoker.invokeMethod(Invoker.java:583)
at org.testng.internal.Invoker.invokeTestMethod(Invoker.java:719)
at org.testng.internal.Invoker.invokeTestMethods(Invoker.java:989)
at org.testng.internal.TestMethodWorker.invokeTestMethods(TestMethodWorker.java:125)
at org.testng.internal.TestMethodWorker.run(TestMethodWorker.java:109)
at java.util.concurrent.ThreadPoolExecutor.runWorker(ThreadPoolExecutor.java:1149)
at java.util.concurrent.ThreadPoolExecutor$Worker.run(ThreadPoolExecutor.java:624)
at java.lang.Thread.run(Thread.java:748)
]]>
    </failure>
  </testcase> <!-- rectangleSquare -->
  <testcase name="rectangleSquare" time="0.001" classname="com.epam.olga_eremkina.testng.RectangleTest"/>
  <testcase name="rectangleSquare" time="0.002" classname="com.epam.olga_eremkina.testng.RectangleTest"/>
  <testcase name="rectangleSquare" time="0.002" classname="com.epam.olga_eremkina.testng.RectangleTest"/>
  <testcase name="rectangleSquare" time="0.001" classname="com.epam.olga_eremkina.testng.RectangleTest"/>
  <testcase name="rectangleSquare" time="0.002" classname="com.epam.olga_eremkina.testng.RectangleTest"/>
  <testcase name="rectangleSquare" time="0.001" classname="com.epam.olga_eremkina.testng.RectangleTest"/>
  <testcase name="rectangleSquare" time="0.000" classname="com.epam.olga_eremkina.testng.RectangleTest"/>
</testsuite> <!-- com.epam.olga_eremkina.testng.RectangleTest -->
