<?xml version="1.0" encoding="UTF-8"?>
<!-- Generated by org.testng.reporters.JUnitXMLReporter -->
<testsuite hostname="EPRURYAW0080" ignored="0" name="TestNG_XML" tests="76" failures="9" timestamp="22 May 2018 10:04:29 GMT" time="0.259" errors="0">
  <testcase name="rectangleIsQuadrate" time="0.011" classname="com.epam.olga_eremkina.testng.RectangleTest"/>
  <testcase name="rectangleIsQuadrate" time="0.002" classname="com.epam.olga_eremkina.testng.RectangleTest">
    <failure type="java.lang.AssertionError" message="Error! The values aren&amp;apos;t the same: expected [true] but found [false]">
      <![CDATA[java.lang.AssertionError: Error! The values aren't the same: expected [true] but found [false]
at com.epam.olga_eremkina.testng.RectangleTest.rectangleIsQuadrate(RectangleTest.java:51)
... Removed 30 stack frames]]>
    </failure>
  </testcase> <!-- rectangleIsQuadrate -->
  <testcase name="rectangleIsQuadrate" time="0.001" classname="com.epam.olga_eremkina.testng.RectangleTest">
    <failure type="java.lang.AssertionError" message="Error! The values aren&amp;apos;t the same: expected [true] but found [false]">
      <![CDATA[java.lang.AssertionError: Error! The values aren't the same: expected [true] but found [false]
at com.epam.olga_eremkina.testng.RectangleTest.rectangleIsQuadrate(RectangleTest.java:51)
... Removed 30 stack frames]]>
    </failure>
  </testcase> <!-- rectangleIsQuadrate -->
  <testcase name="rectangleIsQuadrate" time="0.001" classname="com.epam.olga_eremkina.testng.RectangleTest">
    <failure type="java.lang.AssertionError" message="Error! The values aren&amp;apos;t the same: expected [true] but found [false]">
      <![CDATA[java.lang.AssertionError: Error! The values aren't the same: expected [true] but found [false]
at com.epam.olga_eremkina.testng.RectangleTest.rectangleIsQuadrate(RectangleTest.java:51)
... Removed 30 stack frames]]>
    </failure>
  </testcase> <!-- rectangleIsQuadrate -->
  <testcase name="rectangleIsQuadrate" time="0.001" classname="com.epam.olga_eremkina.testng.RectangleTest">
    <failure type="java.lang.AssertionError" message="Error! The values aren&amp;apos;t the same: expected [true] but found [false]">
      <![CDATA[java.lang.AssertionError: Error! The values aren't the same: expected [true] but found [false]
at com.epam.olga_eremkina.testng.RectangleTest.rectangleIsQuadrate(RectangleTest.java:51)
... Removed 30 stack frames]]>
    </failure>
  </testcase> <!-- rectangleIsQuadrate -->
  <testcase name="rectangleIsQuadrate" time="0.002" classname="com.epam.olga_eremkina.testng.RectangleTest"/>
  <testcase name="rectangleIsQuadrate" time="0.001" classname="com.epam.olga_eremkina.testng.RectangleTest"/>
  <testcase name="rectangleIsQuadrate" time="0.0" classname="com.epam.olga_eremkina.testng.RectangleTest"/>
  <testcase name="rectangleIsQuadrate" time="0.001" classname="com.epam.olga_eremkina.testng.RectangleTest"/>
  <testcase name="circleSquare" time="0.003" classname="com.epam.olga_eremkina.testng.CircleTest"/>
  <testcase name="rectangleLenght" time="0.002" classname="com.epam.olga_eremkina.testng.RectangleTest"/>
  <testcase name="rectangleLenght" time="0.001" classname="com.epam.olga_eremkina.testng.RectangleTest"/>
  <testcase name="rectangleLenght" time="0.001" classname="com.epam.olga_eremkina.testng.RectangleTest"/>
  <testcase name="rectangleLenght" time="0.001" classname="com.epam.olga_eremkina.testng.RectangleTest"/>
  <testcase name="rectangleLenght" time="0.001" classname="com.epam.olga_eremkina.testng.RectangleTest"/>
  <testcase name="rectangleLenght" time="0.001" classname="com.epam.olga_eremkina.testng.RectangleTest"/>
  <testcase name="rectangleLenght" time="0.0" classname="com.epam.olga_eremkina.testng.RectangleTest"/>
  <testcase name="rectangleLenght" time="0.001" classname="com.epam.olga_eremkina.testng.RectangleTest"/>
  <testcase name="rectangleLenght" time="0.001" classname="com.epam.olga_eremkina.testng.RectangleTest"/>
  <testcase name="rectangleLenght" time="0.001" classname="com.epam.olga_eremkina.testng.RectangleTest"/>
  <testcase name="rectangleLenght" time="0.0" classname="com.epam.olga_eremkina.testng.RectangleTest"/>
  <testcase name="rectangleLenght" time="0.0" classname="com.epam.olga_eremkina.testng.RectangleTest"/>
  <testcase name="rectangleLenght" time="0.002" classname="com.epam.olga_eremkina.testng.RectangleTest"/>
  <testcase name="rectangleLenght" time="0.001" classname="com.epam.olga_eremkina.testng.RectangleTest"/>
  <testcase name="rectangleLenght" time="0.0" classname="com.epam.olga_eremkina.testng.RectangleTest"/>
  <testcase name="rectangleLenght" time="0.003" classname="com.epam.olga_eremkina.testng.RectangleTest"/>
  <testcase name="rectangleLenght" time="0.001" classname="com.epam.olga_eremkina.testng.RectangleTest"/>
  <testcase name="rectangleLenght" time="0.002" classname="com.epam.olga_eremkina.testng.RectangleTest"/>
  <testcase name="showR" time="0.001" classname="com.epam.olga_eremkina.testng.Test2"/>
  <testcase name="showR" time="0.001" classname="com.epam.olga_eremkina.testng.Test2"/>
  <testcase name="showR" time="0.001" classname="com.epam.olga_eremkina.testng.Test2"/>
  <testcase name="showR" time="0.0" classname="com.epam.olga_eremkina.testng.Test2"/>
  <testcase name="showR" time="0.001" classname="com.epam.olga_eremkina.testng.Test2"/>
  <testcase name="showR" time="0.001" classname="com.epam.olga_eremkina.testng.Test2"/>
  <testcase name="showR" time="0.001" classname="com.epam.olga_eremkina.testng.Test2"/>
  <testcase name="showR" time="0.002" classname="com.epam.olga_eremkina.testng.Test2"/>
  <testcase name="showR" time="0.001" classname="com.epam.olga_eremkina.testng.Test2"/>
  <testcase name="showR" time="0.001" classname="com.epam.olga_eremkina.testng.Test2"/>
  <testcase name="quadrateLenght" time="0.001" classname="com.epam.olga_eremkina.testng.QuadrateTest">
    <failure type="org.testng.TestException" message="
Method QuadrateTest.quadrateLenght(int)[pri:0, instance:com.epam.olga_eremkina.testng.QuadrateTest@26be92ad] should have thrown an exception of type class java.lang.RuntimeException">
      <![CDATA[org.testng.TestException: 
Method QuadrateTest.quadrateLenght(int)[pri:0, instance:com.epam.olga_eremkina.testng.QuadrateTest@26be92ad] should have thrown an exception of type class java.lang.RuntimeException
... Removed 22 stack frames]]>
    </failure>
  </testcase> <!-- quadrateLenght -->
  <testcase name="quadrateLenght" time="0.001" classname="com.epam.olga_eremkina.testng.QuadrateTest"/>
  <testcase name="quadrateLenght" time="0.001" classname="com.epam.olga_eremkina.testng.QuadrateTest"/>
  <testcase name="quadrateLenght" time="0.003" classname="com.epam.olga_eremkina.testng.QuadrateTest"/>
  <testcase name="quadrateLenght" time="0.005" classname="com.epam.olga_eremkina.testng.QuadrateTest"/>
  <testcase name="quadrateLenght" time="0.001" classname="com.epam.olga_eremkina.testng.QuadrateTest"/>
  <testcase name="quadrateLenght" time="0.001" classname="com.epam.olga_eremkina.testng.QuadrateTest"/>
  <testcase name="quadrateLenght" time="0.003" classname="com.epam.olga_eremkina.testng.QuadrateTest"/>
  <testcase name="quadrateLenght" time="0.001" classname="com.epam.olga_eremkina.testng.QuadrateTest"/>
  <testcase name="quadrateLenght" time="0.0" classname="com.epam.olga_eremkina.testng.QuadrateTest"/>
  <testcase name="quadrateSquare" time="0.001" classname="com.epam.olga_eremkina.testng.QuadrateTest"/>
  <testcase name="quadrateSquare" time="0.001" classname="com.epam.olga_eremkina.testng.QuadrateTest"/>
  <testcase name="quadrateSquare" time="0.0" classname="com.epam.olga_eremkina.testng.QuadrateTest"/>
  <testcase name="quadrateSquare" time="0.0" classname="com.epam.olga_eremkina.testng.QuadrateTest"/>
  <testcase name="quadrateSquare" time="0.001" classname="com.epam.olga_eremkina.testng.QuadrateTest"/>
  <testcase name="quadrateSquare" time="0.001" classname="com.epam.olga_eremkina.testng.QuadrateTest"/>
  <testcase name="quadrateSquare" time="0.001" classname="com.epam.olga_eremkina.testng.QuadrateTest"/>
  <testcase name="quadrateSquare" time="0.002" classname="com.epam.olga_eremkina.testng.QuadrateTest"/>
  <testcase name="quadrateSquare" time="0.0" classname="com.epam.olga_eremkina.testng.QuadrateTest"/>
  <testcase name="quadrateSquare" time="0.001" classname="com.epam.olga_eremkina.testng.QuadrateTest"/>
  <testcase name="rectangleSquare" time="0.002" classname="com.epam.olga_eremkina.testng.RectangleTest"/>
  <testcase name="rectangleSquare" time="0.0" classname="com.epam.olga_eremkina.testng.RectangleTest"/>
  <testcase name="rectangleSquare" time="0.0" classname="com.epam.olga_eremkina.testng.RectangleTest"/>
  <testcase name="rectangleSquare" time="0.001" classname="com.epam.olga_eremkina.testng.RectangleTest"/>
  <testcase name="rectangleSquare" time="0.003" classname="com.epam.olga_eremkina.testng.RectangleTest"/>
  <testcase name="rectangleSquare" time="0.002" classname="com.epam.olga_eremkina.testng.RectangleTest"/>
  <testcase name="rectangleSquare" time="0.001" classname="com.epam.olga_eremkina.testng.RectangleTest">
    <failure type="java.lang.AssertionError" message="Error! The values aren&amp;apos;t the same: expected [36.0] but found [6.0]">
      <![CDATA[java.lang.AssertionError: Error! The values aren't the same: expected [36.0] but found [6.0]
at com.epam.olga_eremkina.testng.RectangleTest.rectangleSquare(RectangleTest.java:29)
... Removed 29 stack frames]]>
    </failure>
  </testcase> <!-- rectangleSquare -->
  <testcase name="rectangleSquare" time="0.0" classname="com.epam.olga_eremkina.testng.RectangleTest"/>
  <testcase name="rectangleSquare" time="0.0" classname="com.epam.olga_eremkina.testng.RectangleTest"/>
  <testcase name="rectangleSquare" time="0.0" classname="com.epam.olga_eremkina.testng.RectangleTest">
    <failure type="java.lang.AssertionError" message="Error! The values aren&amp;apos;t the same: expected [81.0] but found [45.0]">
      <![CDATA[java.lang.AssertionError: Error! The values aren't the same: expected [81.0] but found [45.0]
at com.epam.olga_eremkina.testng.RectangleTest.rectangleSquare(RectangleTest.java:29)
... Removed 29 stack frames]]>
    </failure>
  </testcase> <!-- rectangleSquare -->
  <testcase name="rectangleSquare" time="0.002" classname="com.epam.olga_eremkina.testng.RectangleTest">
    <failure type="java.lang.AssertionError" message="Error! The values aren&amp;apos;t the same: expected [25.0] but found [15.0]">
      <![CDATA[java.lang.AssertionError: Error! The values aren't the same: expected [25.0] but found [15.0]
at com.epam.olga_eremkina.testng.RectangleTest.rectangleSquare(RectangleTest.java:29)
... Removed 29 stack frames]]>
    </failure>
  </testcase> <!-- rectangleSquare -->
  <testcase name="rectangleSquare" time="0.002" classname="com.epam.olga_eremkina.testng.RectangleTest">
    <failure type="java.lang.AssertionError" message="Error! The values aren&amp;apos;t the same: expected [64.0] but found [48.0]">
      <![CDATA[java.lang.AssertionError: Error! The values aren't the same: expected [64.0] but found [48.0]
at com.epam.olga_eremkina.testng.RectangleTest.rectangleSquare(RectangleTest.java:29)
... Removed 29 stack frames]]>
    </failure>
  </testcase> <!-- rectangleSquare -->
  <testcase name="rectangleSquare" time="0.0" classname="com.epam.olga_eremkina.testng.RectangleTest"/>
  <testcase name="rectangleSquare" time="0.001" classname="com.epam.olga_eremkina.testng.RectangleTest"/>
  <testcase name="rectangleSquare" time="0.001" classname="com.epam.olga_eremkina.testng.RectangleTest"/>
  <testcase name="rectangleSquare" time="0.002" classname="com.epam.olga_eremkina.testng.RectangleTest"/>
  <testcase name="rectangleSquare" time="0.0" classname="com.epam.olga_eremkina.testng.RectangleTest"/>
  <testcase name="rectangleSquare" time="0.0" classname="com.epam.olga_eremkina.testng.RectangleTest"/>
</testsuite> <!-- TestNG_XML -->
